{"E:\\Programming\\github\\REACT\\react-rs-2024\\app\\components\\DetailedCard.tsx": {"path":"E:\\Programming\\github\\REACT\\react-rs-2024\\app\\components\\DetailedCard.tsx","all":false,"statementMap":{"0":{"start":{"line":1,"column":0},"end":{"line":1,"column":51}},"2":{"start":{"line":3,"column":0},"end":{"line":3,"column":55}},"4":{"start":{"line":5,"column":0},"end":{"line":5,"column":74}},"5":{"start":{"line":6,"column":0},"end":{"line":6,"column":61}},"7":{"start":{"line":8,"column":0},"end":{"line":8,"column":84}},"9":{"start":{"line":10,"column":0},"end":{"line":10,"column":83}},"10":{"start":{"line":11,"column":0},"end":{"line":11,"column":75}},"11":{"start":{"line":12,"column":0},"end":{"line":12,"column":33}},"12":{"start":{"line":13,"column":0},"end":{"line":13,"column":92}},"14":{"start":{"line":15,"column":0},"end":{"line":15,"column":19}},"15":{"start":{"line":16,"column":0},"end":{"line":16,"column":35}},"16":{"start":{"line":17,"column":0},"end":{"line":17,"column":37}},"17":{"start":{"line":18,"column":0},"end":{"line":18,"column":11}},"18":{"start":{"line":19,"column":0},"end":{"line":19,"column":100}},"19":{"start":{"line":20,"column":0},"end":{"line":20,"column":27}},"20":{"start":{"line":21,"column":0},"end":{"line":21,"column":57}},"21":{"start":{"line":22,"column":0},"end":{"line":22,"column":9}},"22":{"start":{"line":23,"column":0},"end":{"line":23,"column":43}},"23":{"start":{"line":24,"column":0},"end":{"line":24,"column":34}},"24":{"start":{"line":25,"column":0},"end":{"line":25,"column":23}},"25":{"start":{"line":26,"column":0},"end":{"line":26,"column":53}},"26":{"start":{"line":27,"column":0},"end":{"line":27,"column":17}},"27":{"start":{"line":28,"column":0},"end":{"line":28,"column":40}},"28":{"start":{"line":29,"column":0},"end":{"line":29,"column":7}},"29":{"start":{"line":30,"column":0},"end":{"line":30,"column":6}},"31":{"start":{"line":32,"column":0},"end":{"line":32,"column":16}},"32":{"start":{"line":33,"column":0},"end":{"line":33,"column":23}},"34":{"start":{"line":35,"column":0},"end":{"line":35,"column":78}},"35":{"start":{"line":36,"column":0},"end":{"line":36,"column":38}},"36":{"start":{"line":37,"column":0},"end":{"line":37,"column":55}},"37":{"start":{"line":38,"column":0},"end":{"line":38,"column":45}},"38":{"start":{"line":39,"column":0},"end":{"line":39,"column":12}},"39":{"start":{"line":40,"column":0},"end":{"line":40,"column":42}},"40":{"start":{"line":41,"column":0},"end":{"line":41,"column":5}},"41":{"start":{"line":42,"column":0},"end":{"line":42,"column":4}},"43":{"start":{"line":44,"column":0},"end":{"line":44,"column":75}},"44":{"start":{"line":45,"column":0},"end":{"line":45,"column":47}},"45":{"start":{"line":46,"column":0},"end":{"line":46,"column":25}},"46":{"start":{"line":47,"column":0},"end":{"line":47,"column":5}},"47":{"start":{"line":48,"column":0},"end":{"line":48,"column":4}},"48":{"start":{"line":49,"column":0},"end":{"line":49,"column":73}},"49":{"start":{"line":50,"column":0},"end":{"line":50,"column":53}},"50":{"start":{"line":51,"column":0},"end":{"line":51,"column":25}},"51":{"start":{"line":52,"column":0},"end":{"line":52,"column":5}},"52":{"start":{"line":53,"column":0},"end":{"line":53,"column":4}},"53":{"start":{"line":54,"column":0},"end":{"line":54,"column":10}},"54":{"start":{"line":55,"column":0},"end":{"line":55,"column":8}},"55":{"start":{"line":56,"column":0},"end":{"line":56,"column":38}},"56":{"start":{"line":57,"column":0},"end":{"line":57,"column":34}},"57":{"start":{"line":58,"column":0},"end":{"line":58,"column":27}},"58":{"start":{"line":59,"column":0},"end":{"line":59,"column":31}},"59":{"start":{"line":60,"column":0},"end":{"line":60,"column":19}},"60":{"start":{"line":61,"column":0},"end":{"line":61,"column":19}},"61":{"start":{"line":62,"column":0},"end":{"line":62,"column":48}},"62":{"start":{"line":63,"column":0},"end":{"line":63,"column":34}},"63":{"start":{"line":64,"column":0},"end":{"line":64,"column":32}},"65":{"start":{"line":66,"column":0},"end":{"line":66,"column":12}},"66":{"start":{"line":67,"column":0},"end":{"line":67,"column":16}},"67":{"start":{"line":68,"column":0},"end":{"line":68,"column":46}},"68":{"start":{"line":69,"column":0},"end":{"line":69,"column":40}},"69":{"start":{"line":70,"column":0},"end":{"line":70,"column":33}},"70":{"start":{"line":71,"column":0},"end":{"line":71,"column":57}},"71":{"start":{"line":72,"column":0},"end":{"line":72,"column":37}},"72":{"start":{"line":73,"column":0},"end":{"line":73,"column":17}},"73":{"start":{"line":74,"column":0},"end":{"line":74,"column":16}},"74":{"start":{"line":75,"column":0},"end":{"line":75,"column":27}},"75":{"start":{"line":76,"column":0},"end":{"line":76,"column":33}},"76":{"start":{"line":77,"column":0},"end":{"line":77,"column":16}},"77":{"start":{"line":78,"column":0},"end":{"line":78,"column":31}},"78":{"start":{"line":79,"column":0},"end":{"line":79,"column":25}},"79":{"start":{"line":80,"column":0},"end":{"line":80,"column":28}},"80":{"start":{"line":81,"column":0},"end":{"line":81,"column":24}},"81":{"start":{"line":82,"column":0},"end":{"line":82,"column":25}},"82":{"start":{"line":83,"column":0},"end":{"line":83,"column":57}},"83":{"start":{"line":84,"column":0},"end":{"line":84,"column":14}},"84":{"start":{"line":85,"column":0},"end":{"line":85,"column":27}},"85":{"start":{"line":86,"column":0},"end":{"line":86,"column":16}},"86":{"start":{"line":87,"column":0},"end":{"line":87,"column":43}},"87":{"start":{"line":88,"column":0},"end":{"line":88,"column":17}},"88":{"start":{"line":89,"column":0},"end":{"line":89,"column":16}},"89":{"start":{"line":90,"column":0},"end":{"line":90,"column":45}},"90":{"start":{"line":91,"column":0},"end":{"line":91,"column":17}},"91":{"start":{"line":92,"column":0},"end":{"line":92,"column":16}},"92":{"start":{"line":93,"column":0},"end":{"line":93,"column":43}},"93":{"start":{"line":94,"column":0},"end":{"line":94,"column":17}},"94":{"start":{"line":95,"column":0},"end":{"line":95,"column":34}},"95":{"start":{"line":96,"column":0},"end":{"line":96,"column":20}},"96":{"start":{"line":97,"column":0},"end":{"line":97,"column":31}},"97":{"start":{"line":98,"column":0},"end":{"line":98,"column":46}},"98":{"start":{"line":99,"column":0},"end":{"line":99,"column":47}},"99":{"start":{"line":100,"column":0},"end":{"line":100,"column":135}},"100":{"start":{"line":101,"column":0},"end":{"line":101,"column":16}},"101":{"start":{"line":102,"column":0},"end":{"line":102,"column":61}},"102":{"start":{"line":103,"column":0},"end":{"line":103,"column":18}},"103":{"start":{"line":104,"column":0},"end":{"line":104,"column":13}},"105":{"start":{"line":106,"column":0},"end":{"line":106,"column":12}},"106":{"start":{"line":107,"column":0},"end":{"line":107,"column":10}},"108":{"start":{"line":109,"column":0},"end":{"line":109,"column":2}},"110":{"start":{"line":111,"column":0},"end":{"line":111,"column":28}}},"s":{"0":1,"2":1,"4":1,"5":1,"7":1,"9":14,"10":14,"11":14,"12":14,"14":14,"15":7,"16":7,"17":7,"18":7,"19":6,"20":0,"21":0,"22":4,"23":4,"24":6,"25":2,"26":6,"27":6,"28":6,"29":7,"31":7,"32":14,"34":14,"35":14,"36":0,"37":0,"38":0,"39":0,"40":0,"41":0,"43":14,"44":1,"45":1,"46":1,"47":1,"48":14,"49":2,"50":2,"51":2,"52":2,"53":14,"54":14,"55":14,"56":14,"57":14,"58":14,"59":14,"60":14,"61":14,"62":14,"63":7,"65":6,"66":6,"67":6,"68":6,"69":6,"70":0,"71":0,"72":0,"73":0,"74":6,"75":6,"76":6,"77":6,"78":6,"79":6,"80":6,"81":6,"82":6,"83":6,"84":6,"85":6,"86":6,"87":6,"88":6,"89":6,"90":6,"91":6,"92":6,"93":6,"94":6,"95":6,"96":6,"97":6,"98":6,"99":6,"100":6,"101":6,"102":6,"103":6,"105":14,"106":14,"108":14,"110":1},"branchMap":{"0":{"type":"branch","line":8,"loc":{"start":{"line":8,"column":21},"end":{"line":109,"column":2}},"locations":[{"start":{"line":8,"column":21},"end":{"line":109,"column":2}}]},"1":{"type":"branch","line":35,"loc":{"start":{"line":35,"column":55},"end":{"line":35,"column":78}},"locations":[{"start":{"line":35,"column":55},"end":{"line":35,"column":78}}]},"2":{"type":"branch","line":63,"loc":{"start":{"line":63,"column":9},"end":{"line":64,"column":32}},"locations":[{"start":{"line":63,"column":9},"end":{"line":64,"column":32}}]},"3":{"type":"branch","line":64,"loc":{"start":{"line":64,"column":30},"end":{"line":104,"column":13}},"locations":[{"start":{"line":64,"column":30},"end":{"line":104,"column":13}}]},"4":{"type":"branch","line":78,"loc":{"start":{"line":78,"column":19},"end":{"line":78,"column":31}},"locations":[{"start":{"line":78,"column":19},"end":{"line":78,"column":31}}]},"5":{"type":"branch","line":13,"loc":{"start":{"line":13,"column":36},"end":{"line":13,"column":90}},"locations":[{"start":{"line":13,"column":36},"end":{"line":13,"column":90}}]},"6":{"type":"branch","line":15,"loc":{"start":{"line":15,"column":12},"end":{"line":33,"column":5}},"locations":[{"start":{"line":15,"column":12},"end":{"line":33,"column":5}}]},"7":{"type":"branch","line":16,"loc":{"start":{"line":16,"column":22},"end":{"line":30,"column":6}},"locations":[{"start":{"line":16,"column":22},"end":{"line":30,"column":6}}]},"8":{"type":"branch","line":19,"loc":{"start":{"line":19,"column":98},"end":{"line":29,"column":7}},"locations":[{"start":{"line":19,"column":98},"end":{"line":29,"column":7}}]},"9":{"type":"branch","line":19,"loc":{"start":{"line":19,"column":98},"end":{"line":20,"column":26}},"locations":[{"start":{"line":19,"column":98},"end":{"line":20,"column":26}}]},"10":{"type":"branch","line":20,"loc":{"start":{"line":20,"column":26},"end":{"line":22,"column":9}},"locations":[{"start":{"line":20,"column":26},"end":{"line":22,"column":9}}]},"11":{"type":"branch","line":22,"loc":{"start":{"line":22,"column":8},"end":{"line":25,"column":15}},"locations":[{"start":{"line":22,"column":8},"end":{"line":25,"column":15}}]},"12":{"type":"branch","line":25,"loc":{"start":{"line":25,"column":6},"end":{"line":27,"column":8}},"locations":[{"start":{"line":25,"column":6},"end":{"line":27,"column":8}}]},"13":{"type":"branch","line":44,"loc":{"start":{"line":44,"column":29},"end":{"line":48,"column":4}},"locations":[{"start":{"line":44,"column":29},"end":{"line":48,"column":4}}]},"14":{"type":"branch","line":49,"loc":{"start":{"line":49,"column":24},"end":{"line":53,"column":4}},"locations":[{"start":{"line":49,"column":24},"end":{"line":53,"column":4}}]},"15":{"type":"branch","line":50,"loc":{"start":{"line":50,"column":22},"end":{"line":50,"column":52}},"locations":[{"start":{"line":50,"column":22},"end":{"line":50,"column":52}}]}},"b":{"0":[14],"1":[9],"2":[7],"3":[6],"4":[2],"5":[20],"6":[7],"7":[7],"8":[6],"9":[5],"10":[0],"11":[4],"12":[2],"13":[1],"14":[2],"15":[1]},"fnMap":{"0":{"name":"DetailedCard","decl":{"start":{"line":8,"column":21},"end":{"line":109,"column":2}},"loc":{"start":{"line":8,"column":21},"end":{"line":109,"column":2}},"line":8},"1":{"name":"fetchData","decl":{"start":{"line":16,"column":22},"end":{"line":30,"column":6}},"loc":{"start":{"line":16,"column":22},"end":{"line":30,"column":6}},"line":16},"2":{"name":"handleCheckboxChange","decl":{"start":{"line":36,"column":31},"end":{"line":42,"column":4}},"loc":{"start":{"line":36,"column":31},"end":{"line":42,"column":4}},"line":36},"3":{"name":"handleOverlayClick","decl":{"start":{"line":44,"column":29},"end":{"line":48,"column":4}},"loc":{"start":{"line":44,"column":29},"end":{"line":48,"column":4}},"line":44},"4":{"name":"handleKeyDown","decl":{"start":{"line":49,"column":24},"end":{"line":53,"column":4}},"loc":{"start":{"line":49,"column":24},"end":{"line":53,"column":4}},"line":49},"5":{"name":"onKeyDown","decl":{"start":{"line":70,"column":25},"end":{"line":74,"column":16}},"loc":{"start":{"line":70,"column":25},"end":{"line":74,"column":16}},"line":70}},"f":{"0":14,"1":7,"2":0,"3":1,"4":2,"5":0}}
,"E:\\Programming\\github\\REACT\\react-rs-2024\\app\\components\\ErrorBoundary.tsx": {"path":"E:\\Programming\\github\\REACT\\react-rs-2024\\app\\components\\ErrorBoundary.tsx","all":false,"statementMap":{"0":{"start":{"line":1,"column":0},"end":{"line":1,"column":41}},"8":{"start":{"line":9,"column":0},"end":{"line":9,"column":79}},"9":{"start":{"line":10,"column":0},"end":{"line":10,"column":29}},"10":{"start":{"line":11,"column":0},"end":{"line":11,"column":17}},"11":{"start":{"line":12,"column":0},"end":{"line":12,"column":67}},"12":{"start":{"line":13,"column":0},"end":{"line":13,"column":3}},"13":{"start":{"line":14,"column":0},"end":{"line":14,"column":49}},"14":{"start":{"line":15,"column":0},"end":{"line":15,"column":44}},"15":{"start":{"line":16,"column":0},"end":{"line":16,"column":3}},"16":{"start":{"line":17,"column":0},"end":{"line":17,"column":69}},"17":{"start":{"line":18,"column":0},"end":{"line":18,"column":58}},"18":{"start":{"line":19,"column":0},"end":{"line":19,"column":69}},"19":{"start":{"line":20,"column":0},"end":{"line":20,"column":3}},"21":{"start":{"line":22,"column":0},"end":{"line":22,"column":12}},"22":{"start":{"line":23,"column":0},"end":{"line":23,"column":30}},"23":{"start":{"line":24,"column":0},"end":{"line":24,"column":14}},"24":{"start":{"line":25,"column":0},"end":{"line":25,"column":31}},"25":{"start":{"line":26,"column":0},"end":{"line":26,"column":14}},"26":{"start":{"line":27,"column":0},"end":{"line":27,"column":37}},"27":{"start":{"line":28,"column":0},"end":{"line":28,"column":23}},"28":{"start":{"line":29,"column":0},"end":{"line":29,"column":22}},"29":{"start":{"line":30,"column":0},"end":{"line":30,"column":23}},"30":{"start":{"line":31,"column":0},"end":{"line":31,"column":26}},"31":{"start":{"line":32,"column":0},"end":{"line":32,"column":12}},"32":{"start":{"line":33,"column":0},"end":{"line":33,"column":39}},"33":{"start":{"line":34,"column":0},"end":{"line":34,"column":38}},"35":{"start":{"line":36,"column":0},"end":{"line":36,"column":14}},"36":{"start":{"line":37,"column":0},"end":{"line":37,"column":32}},"37":{"start":{"line":38,"column":0},"end":{"line":38,"column":36}},"38":{"start":{"line":39,"column":0},"end":{"line":39,"column":37}},"39":{"start":{"line":40,"column":0},"end":{"line":40,"column":50}},"40":{"start":{"line":41,"column":0},"end":{"line":41,"column":14}},"41":{"start":{"line":42,"column":0},"end":{"line":42,"column":14}},"43":{"start":{"line":44,"column":0},"end":{"line":44,"column":5}},"44":{"start":{"line":45,"column":0},"end":{"line":45,"column":31}},"45":{"start":{"line":46,"column":0},"end":{"line":46,"column":3}},"46":{"start":{"line":47,"column":0},"end":{"line":47,"column":1}}},"s":{"0":1,"8":1,"9":1,"10":4,"11":4,"12":4,"13":1,"14":2,"15":2,"16":1,"17":1,"18":1,"19":1,"21":1,"22":6,"23":3,"24":3,"25":3,"26":3,"27":3,"28":3,"29":3,"30":3,"31":3,"32":3,"33":3,"35":3,"36":3,"37":3,"38":3,"39":3,"40":3,"41":3,"43":3,"44":3,"45":6,"46":1},"branchMap":{"0":{"type":"branch","line":10,"loc":{"start":{"line":10,"column":2},"end":{"line":13,"column":3}},"locations":[{"start":{"line":10,"column":2},"end":{"line":13,"column":3}}]},"1":{"type":"branch","line":14,"loc":{"start":{"line":14,"column":9},"end":{"line":16,"column":3}},"locations":[{"start":{"line":14,"column":9},"end":{"line":16,"column":3}}]},"2":{"type":"branch","line":17,"loc":{"start":{"line":17,"column":2},"end":{"line":20,"column":3}},"locations":[{"start":{"line":17,"column":2},"end":{"line":20,"column":3}}]},"3":{"type":"branch","line":22,"loc":{"start":{"line":22,"column":2},"end":{"line":46,"column":3}},"locations":[{"start":{"line":22,"column":2},"end":{"line":46,"column":3}}]},"4":{"type":"branch","line":23,"loc":{"start":{"line":23,"column":29},"end":{"line":45,"column":31}},"locations":[{"start":{"line":23,"column":29},"end":{"line":45,"column":31}}]},"5":{"type":"branch","line":40,"loc":{"start":{"line":40,"column":24},"end":{"line":40,"column":50}},"locations":[{"start":{"line":40,"column":24},"end":{"line":40,"column":50}}]}},"b":{"0":[4],"1":[2],"2":[1],"3":[6],"4":[3],"5":[1]},"fnMap":{"0":{"name":"ErrorBoundary","decl":{"start":{"line":10,"column":2},"end":{"line":13,"column":3}},"loc":{"start":{"line":10,"column":2},"end":{"line":13,"column":3}},"line":10},"1":{"name":"getDerivedStateFromError","decl":{"start":{"line":14,"column":9},"end":{"line":16,"column":3}},"loc":{"start":{"line":14,"column":9},"end":{"line":16,"column":3}},"line":14},"2":{"name":"componentDidCatch","decl":{"start":{"line":17,"column":2},"end":{"line":20,"column":3}},"loc":{"start":{"line":17,"column":2},"end":{"line":20,"column":3}},"line":17},"3":{"name":"render","decl":{"start":{"line":22,"column":2},"end":{"line":46,"column":3}},"loc":{"start":{"line":22,"column":2},"end":{"line":46,"column":3}},"line":22}},"f":{"0":4,"1":2,"2":1,"3":6}}
,"E:\\Programming\\github\\REACT\\react-rs-2024\\app\\components\\Main.tsx": {"path":"E:\\Programming\\github\\REACT\\react-rs-2024\\app\\components\\Main.tsx","all":false,"statementMap":{"0":{"start":{"line":1,"column":0},"end":{"line":1,"column":53}},"1":{"start":{"line":2,"column":0},"end":{"line":2,"column":37}},"2":{"start":{"line":3,"column":0},"end":{"line":3,"column":48}},"3":{"start":{"line":4,"column":0},"end":{"line":4,"column":42}},"4":{"start":{"line":5,"column":0},"end":{"line":5,"column":38}},"5":{"start":{"line":6,"column":0},"end":{"line":6,"column":42}},"7":{"start":{"line":8,"column":0},"end":{"line":8,"column":30}},"8":{"start":{"line":9,"column":0},"end":{"line":9,"column":7}},"9":{"start":{"line":10,"column":0},"end":{"line":10,"column":14}},"10":{"start":{"line":11,"column":0},"end":{"line":11,"column":13}},"11":{"start":{"line":12,"column":0},"end":{"line":12,"column":13}},"12":{"start":{"line":13,"column":0},"end":{"line":13,"column":17}},"13":{"start":{"line":14,"column":0},"end":{"line":14,"column":12}},"14":{"start":{"line":15,"column":0},"end":{"line":15,"column":11}},"15":{"start":{"line":16,"column":0},"end":{"line":16,"column":16}},"16":{"start":{"line":17,"column":0},"end":{"line":17,"column":18}},"17":{"start":{"line":18,"column":0},"end":{"line":18,"column":19}},"18":{"start":{"line":19,"column":0},"end":{"line":19,"column":15}},"19":{"start":{"line":20,"column":0},"end":{"line":20,"column":10}},"20":{"start":{"line":21,"column":0},"end":{"line":21,"column":10}},"21":{"start":{"line":22,"column":0},"end":{"line":22,"column":33}},"22":{"start":{"line":23,"column":0},"end":{"line":23,"column":81}},"23":{"start":{"line":24,"column":0},"end":{"line":24,"column":63}},"24":{"start":{"line":25,"column":0},"end":{"line":25,"column":13}},"25":{"start":{"line":26,"column":0},"end":{"line":26,"column":46}},"27":{"start":{"line":28,"column":0},"end":{"line":28,"column":12}},"28":{"start":{"line":29,"column":0},"end":{"line":29,"column":66}},"29":{"start":{"line":30,"column":0},"end":{"line":30,"column":27}},"30":{"start":{"line":31,"column":0},"end":{"line":31,"column":29}},"31":{"start":{"line":32,"column":0},"end":{"line":32,"column":37}},"32":{"start":{"line":33,"column":0},"end":{"line":33,"column":14}},"34":{"start":{"line":35,"column":0},"end":{"line":35,"column":13}},"35":{"start":{"line":36,"column":0},"end":{"line":36,"column":23}},"36":{"start":{"line":37,"column":0},"end":{"line":37,"column":36}},"37":{"start":{"line":38,"column":0},"end":{"line":38,"column":22}},"38":{"start":{"line":39,"column":0},"end":{"line":39,"column":16}},"40":{"start":{"line":41,"column":0},"end":{"line":41,"column":30}},"41":{"start":{"line":42,"column":0},"end":{"line":42,"column":65}},"43":{"start":{"line":44,"column":0},"end":{"line":44,"column":12}},"44":{"start":{"line":45,"column":0},"end":{"line":45,"column":40}},"45":{"start":{"line":46,"column":0},"end":{"line":46,"column":77}},"46":{"start":{"line":47,"column":0},"end":{"line":47,"column":39}},"47":{"start":{"line":48,"column":0},"end":{"line":48,"column":68}},"48":{"start":{"line":49,"column":0},"end":{"line":49,"column":28}},"49":{"start":{"line":50,"column":0},"end":{"line":50,"column":38}},"50":{"start":{"line":51,"column":0},"end":{"line":51,"column":42}},"51":{"start":{"line":52,"column":0},"end":{"line":52,"column":45}},"52":{"start":{"line":53,"column":0},"end":{"line":53,"column":57}},"53":{"start":{"line":54,"column":0},"end":{"line":54,"column":65}},"54":{"start":{"line":55,"column":0},"end":{"line":55,"column":24}},"56":{"start":{"line":57,"column":0},"end":{"line":57,"column":21}},"57":{"start":{"line":58,"column":0},"end":{"line":58,"column":20}},"58":{"start":{"line":59,"column":0},"end":{"line":59,"column":18}},"59":{"start":{"line":60,"column":0},"end":{"line":60,"column":76}},"61":{"start":{"line":62,"column":0},"end":{"line":62,"column":49}},"62":{"start":{"line":63,"column":0},"end":{"line":63,"column":47}},"63":{"start":{"line":64,"column":0},"end":{"line":64,"column":100}},"64":{"start":{"line":65,"column":0},"end":{"line":65,"column":20}},"66":{"start":{"line":67,"column":0},"end":{"line":67,"column":25}},"67":{"start":{"line":68,"column":0},"end":{"line":68,"column":13}},"69":{"start":{"line":70,"column":0},"end":{"line":70,"column":12}},"70":{"start":{"line":71,"column":0},"end":{"line":71,"column":11}},"72":{"start":{"line":73,"column":0},"end":{"line":73,"column":1}}},"s":{"0":1,"1":1,"2":1,"3":1,"4":1,"5":1,"7":6,"8":6,"9":6,"10":6,"11":6,"12":6,"13":6,"14":6,"15":6,"16":6,"17":6,"18":6,"19":6,"20":6,"21":6,"22":6,"23":6,"24":6,"25":6,"27":6,"28":6,"29":6,"30":6,"31":6,"32":6,"34":6,"35":6,"36":1,"37":1,"38":1,"40":6,"41":1,"43":5,"44":5,"45":5,"46":5,"47":5,"48":10,"49":10,"50":10,"51":10,"52":10,"53":10,"54":10,"56":5,"57":5,"58":5,"59":5,"61":5,"62":1,"63":1,"64":1,"66":5,"67":5,"69":6,"70":6,"72":6},"branchMap":{"0":{"type":"branch","line":8,"loc":{"start":{"line":8,"column":0},"end":{"line":73,"column":1}},"locations":[{"start":{"line":8,"column":0},"end":{"line":73,"column":1}}]},"1":{"type":"branch","line":24,"loc":{"start":{"line":24,"column":11},"end":{"line":24,"column":50}},"locations":[{"start":{"line":24,"column":11},"end":{"line":24,"column":50}}]},"2":{"type":"branch","line":24,"loc":{"start":{"line":24,"column":45},"end":{"line":24,"column":63}},"locations":[{"start":{"line":24,"column":45},"end":{"line":24,"column":63}}]},"3":{"type":"branch","line":36,"loc":{"start":{"line":36,"column":9},"end":{"line":39,"column":16}},"locations":[{"start":{"line":36,"column":9},"end":{"line":39,"column":16}}]},"4":{"type":"branch","line":41,"loc":{"start":{"line":41,"column":22},"end":{"line":42,"column":65}},"locations":[{"start":{"line":41,"column":22},"end":{"line":42,"column":65}}]},"5":{"type":"branch","line":42,"loc":{"start":{"line":42,"column":60},"end":{"line":68,"column":13}},"locations":[{"start":{"line":42,"column":60},"end":{"line":68,"column":13}}]},"6":{"type":"branch","line":62,"loc":{"start":{"line":62,"column":13},"end":{"line":62,"column":49}},"locations":[{"start":{"line":62,"column":13},"end":{"line":62,"column":49}}]},"7":{"type":"branch","line":62,"loc":{"start":{"line":62,"column":30},"end":{"line":65,"column":20}},"locations":[{"start":{"line":62,"column":30},"end":{"line":65,"column":20}}]},"8":{"type":"branch","line":48,"loc":{"start":{"line":48,"column":41},"end":{"line":57,"column":19}},"locations":[{"start":{"line":48,"column":41},"end":{"line":57,"column":19}}]}},"b":{"0":[6],"1":[1],"2":[5],"3":[1],"4":[1],"5":[5],"6":[1],"7":[1],"8":[10]},"fnMap":{"0":{"name":"Main","decl":{"start":{"line":8,"column":0},"end":{"line":73,"column":1}},"loc":{"start":{"line":8,"column":0},"end":{"line":73,"column":1}},"line":8}},"f":{"0":6}}
,"E:\\Programming\\github\\REACT\\react-rs-2024\\app\\components\\Navbar.tsx": {"path":"E:\\Programming\\github\\REACT\\react-rs-2024\\app\\components\\Navbar.tsx","all":false,"statementMap":{"0":{"start":{"line":1,"column":0},"end":{"line":1,"column":40}},"1":{"start":{"line":2,"column":0},"end":{"line":2,"column":53}},"2":{"start":{"line":3,"column":0},"end":{"line":3,"column":30}},"3":{"start":{"line":4,"column":0},"end":{"line":4,"column":55}},"5":{"start":{"line":6,"column":0},"end":{"line":6,"column":22}},"6":{"start":{"line":7,"column":0},"end":{"line":7,"column":10}},"7":{"start":{"line":8,"column":0},"end":{"line":8,"column":28}},"8":{"start":{"line":9,"column":0},"end":{"line":9,"column":33}},"9":{"start":{"line":10,"column":0},"end":{"line":10,"column":83}},"10":{"start":{"line":11,"column":0},"end":{"line":11,"column":49}},"11":{"start":{"line":12,"column":0},"end":{"line":12,"column":52}},"12":{"start":{"line":13,"column":0},"end":{"line":13,"column":78}},"13":{"start":{"line":14,"column":0},"end":{"line":14,"column":18}},"14":{"start":{"line":15,"column":0},"end":{"line":15,"column":17}},"15":{"start":{"line":16,"column":0},"end":{"line":16,"column":38}},"16":{"start":{"line":17,"column":0},"end":{"line":17,"column":32}},"17":{"start":{"line":18,"column":0},"end":{"line":18,"column":33}},"18":{"start":{"line":19,"column":0},"end":{"line":19,"column":22}},"19":{"start":{"line":20,"column":0},"end":{"line":20,"column":16}},"20":{"start":{"line":21,"column":0},"end":{"line":21,"column":17}},"21":{"start":{"line":22,"column":0},"end":{"line":22,"column":12}},"22":{"start":{"line":23,"column":0},"end":{"line":23,"column":10}},"24":{"start":{"line":25,"column":0},"end":{"line":25,"column":2}},"26":{"start":{"line":27,"column":0},"end":{"line":27,"column":22}}},"s":{"0":1,"1":1,"2":1,"3":1,"5":1,"6":3,"7":3,"8":3,"9":3,"10":3,"11":3,"12":3,"13":3,"14":3,"15":3,"16":3,"17":3,"18":3,"19":3,"20":3,"21":3,"22":3,"24":3,"26":1},"branchMap":{"0":{"type":"branch","line":6,"loc":{"start":{"line":6,"column":15},"end":{"line":25,"column":2}},"locations":[{"start":{"line":6,"column":15},"end":{"line":25,"column":2}}]}},"b":{"0":[3]},"fnMap":{"0":{"name":"Navbar","decl":{"start":{"line":6,"column":15},"end":{"line":25,"column":2}},"loc":{"start":{"line":6,"column":15},"end":{"line":25,"column":2}},"line":6}},"f":{"0":3}}
,"E:\\Programming\\github\\REACT\\react-rs-2024\\app\\components\\NotFound.tsx": {"path":"E:\\Programming\\github\\REACT\\react-rs-2024\\app\\components\\NotFound.tsx","all":false,"statementMap":{"0":{"start":{"line":1,"column":0},"end":{"line":1,"column":0}},"1":{"start":{"line":2,"column":0},"end":{"line":2,"column":24}},"2":{"start":{"line":3,"column":0},"end":{"line":3,"column":10}},"3":{"start":{"line":4,"column":0},"end":{"line":4,"column":39}},"4":{"start":{"line":5,"column":0},"end":{"line":5,"column":34}},"5":{"start":{"line":6,"column":0},"end":{"line":6,"column":10}},"7":{"start":{"line":8,"column":0},"end":{"line":8,"column":2}},"9":{"start":{"line":10,"column":0},"end":{"line":10,"column":24}}},"s":{"0":1,"1":1,"2":2,"3":2,"4":2,"5":2,"7":2,"9":1},"branchMap":{"0":{"type":"branch","line":2,"loc":{"start":{"line":2,"column":17},"end":{"line":8,"column":2}},"locations":[{"start":{"line":2,"column":17},"end":{"line":8,"column":2}}]}},"b":{"0":[2]},"fnMap":{"0":{"name":"NotFound","decl":{"start":{"line":2,"column":17},"end":{"line":8,"column":2}},"loc":{"start":{"line":2,"column":17},"end":{"line":8,"column":2}},"line":2}},"f":{"0":2}}
,"E:\\Programming\\github\\REACT\\react-rs-2024\\app\\components\\Pagination.tsx": {"path":"E:\\Programming\\github\\REACT\\react-rs-2024\\app\\components\\Pagination.tsx","all":false,"statementMap":{"0":{"start":{"line":1,"column":0},"end":{"line":1,"column":47}},"3":{"start":{"line":4,"column":0},"end":{"line":4,"column":70}},"4":{"start":{"line":5,"column":0},"end":{"line":5,"column":33}},"6":{"start":{"line":7,"column":0},"end":{"line":7,"column":26}},"7":{"start":{"line":8,"column":0},"end":{"line":8,"column":26}},"8":{"start":{"line":9,"column":0},"end":{"line":9,"column":45}},"9":{"start":{"line":10,"column":0},"end":{"line":10,"column":5}},"10":{"start":{"line":11,"column":0},"end":{"line":11,"column":3}},"11":{"start":{"line":12,"column":0},"end":{"line":12,"column":26}},"12":{"start":{"line":13,"column":0},"end":{"line":13,"column":35}},"13":{"start":{"line":14,"column":0},"end":{"line":14,"column":45}},"14":{"start":{"line":15,"column":0},"end":{"line":15,"column":5}},"15":{"start":{"line":16,"column":0},"end":{"line":16,"column":3}},"16":{"start":{"line":17,"column":0},"end":{"line":17,"column":10}},"17":{"start":{"line":18,"column":0},"end":{"line":18,"column":43}},"18":{"start":{"line":19,"column":0},"end":{"line":19,"column":92}},"20":{"start":{"line":21,"column":0},"end":{"line":21,"column":15}},"21":{"start":{"line":22,"column":0},"end":{"line":22,"column":39}},"22":{"start":{"line":23,"column":0},"end":{"line":23,"column":42}},"23":{"start":{"line":24,"column":0},"end":{"line":24,"column":11}},"24":{"start":{"line":25,"column":0},"end":{"line":25,"column":13}},"25":{"start":{"line":26,"column":0},"end":{"line":26,"column":34}},"26":{"start":{"line":27,"column":0},"end":{"line":27,"column":29}},"27":{"start":{"line":28,"column":0},"end":{"line":28,"column":46}},"29":{"start":{"line":30,"column":0},"end":{"line":30,"column":15}},"30":{"start":{"line":31,"column":0},"end":{"line":31,"column":10}},"32":{"start":{"line":33,"column":0},"end":{"line":33,"column":2}},"34":{"start":{"line":35,"column":0},"end":{"line":35,"column":26}}},"s":{"0":1,"3":1,"4":12,"6":12,"7":1,"8":1,"9":1,"10":1,"11":12,"12":1,"13":1,"14":1,"15":1,"16":12,"17":12,"18":12,"20":12,"21":12,"22":12,"23":12,"24":12,"25":12,"26":12,"27":12,"29":12,"30":12,"32":12,"34":1},"branchMap":{"0":{"type":"branch","line":4,"loc":{"start":{"line":4,"column":19},"end":{"line":33,"column":2}},"locations":[{"start":{"line":4,"column":19},"end":{"line":33,"column":2}}]},"1":{"type":"branch","line":7,"loc":{"start":{"line":7,"column":2},"end":{"line":11,"column":3}},"locations":[{"start":{"line":7,"column":2},"end":{"line":11,"column":3}}]},"2":{"type":"branch","line":12,"loc":{"start":{"line":12,"column":2},"end":{"line":16,"column":3}},"locations":[{"start":{"line":12,"column":2},"end":{"line":16,"column":3}}]}},"b":{"0":[12],"1":[1],"2":[1]},"fnMap":{"0":{"name":"Pagination","decl":{"start":{"line":4,"column":19},"end":{"line":33,"column":2}},"loc":{"start":{"line":4,"column":19},"end":{"line":33,"column":2}},"line":4},"1":{"name":"onClickPrev","decl":{"start":{"line":7,"column":2},"end":{"line":11,"column":3}},"loc":{"start":{"line":7,"column":2},"end":{"line":11,"column":3}},"line":7},"2":{"name":"onClickNext","decl":{"start":{"line":12,"column":2},"end":{"line":16,"column":3}},"loc":{"start":{"line":12,"column":2},"end":{"line":16,"column":3}},"line":12}},"f":{"0":12,"1":1,"2":1}}
,"E:\\Programming\\github\\REACT\\react-rs-2024\\app\\components\\Search.tsx": {"path":"E:\\Programming\\github\\REACT\\react-rs-2024\\app\\components\\Search.tsx","all":false,"statementMap":{"0":{"start":{"line":1,"column":0},"end":{"line":1,"column":47}},"1":{"start":{"line":2,"column":0},"end":{"line":2,"column":56}},"2":{"start":{"line":3,"column":0},"end":{"line":3,"column":57}},"3":{"start":{"line":4,"column":0},"end":{"line":4,"column":54}},"4":{"start":{"line":5,"column":0},"end":{"line":5,"column":32}},"5":{"start":{"line":6,"column":0},"end":{"line":6,"column":22}},"6":{"start":{"line":7,"column":0},"end":{"line":7,"column":83}},"7":{"start":{"line":8,"column":0},"end":{"line":8,"column":53}},"8":{"start":{"line":9,"column":0},"end":{"line":9,"column":64}},"9":{"start":{"line":10,"column":0},"end":{"line":10,"column":33}},"11":{"start":{"line":12,"column":0},"end":{"line":12,"column":24}},"12":{"start":{"line":13,"column":0},"end":{"line":13,"column":88}},"13":{"start":{"line":14,"column":0},"end":{"line":14,"column":8}},"14":{"start":{"line":15,"column":0},"end":{"line":15,"column":16}},"15":{"start":{"line":16,"column":0},"end":{"line":16,"column":29}},"16":{"start":{"line":17,"column":0},"end":{"line":17,"column":5}},"17":{"start":{"line":18,"column":0},"end":{"line":18,"column":19}},"18":{"start":{"line":19,"column":0},"end":{"line":19,"column":19}},"19":{"start":{"line":20,"column":0},"end":{"line":20,"column":22}},"20":{"start":{"line":21,"column":0},"end":{"line":21,"column":51}},"21":{"start":{"line":22,"column":0},"end":{"line":22,"column":26}},"22":{"start":{"line":23,"column":0},"end":{"line":23,"column":4}},"24":{"start":{"line":25,"column":0},"end":{"line":25,"column":69}},"25":{"start":{"line":26,"column":0},"end":{"line":26,"column":29}},"26":{"start":{"line":27,"column":0},"end":{"line":27,"column":4}},"27":{"start":{"line":28,"column":0},"end":{"line":28,"column":68}},"28":{"start":{"line":29,"column":0},"end":{"line":29,"column":28}},"29":{"start":{"line":30,"column":0},"end":{"line":30,"column":22}},"30":{"start":{"line":31,"column":0},"end":{"line":31,"column":5}},"31":{"start":{"line":32,"column":0},"end":{"line":32,"column":4}},"33":{"start":{"line":34,"column":0},"end":{"line":34,"column":19}},"34":{"start":{"line":35,"column":0},"end":{"line":35,"column":63}},"35":{"start":{"line":36,"column":0},"end":{"line":36,"column":21}},"36":{"start":{"line":37,"column":0},"end":{"line":37,"column":33}},"37":{"start":{"line":38,"column":0},"end":{"line":38,"column":5}},"38":{"start":{"line":39,"column":0},"end":{"line":39,"column":30}},"40":{"start":{"line":41,"column":0},"end":{"line":41,"column":10}},"41":{"start":{"line":42,"column":0},"end":{"line":42,"column":36}},"42":{"start":{"line":43,"column":0},"end":{"line":43,"column":12}},"43":{"start":{"line":44,"column":0},"end":{"line":44,"column":31}},"44":{"start":{"line":45,"column":0},"end":{"line":45,"column":21}},"45":{"start":{"line":46,"column":0},"end":{"line":46,"column":32}},"46":{"start":{"line":47,"column":0},"end":{"line":47,"column":26}},"47":{"start":{"line":48,"column":0},"end":{"line":48,"column":19}},"48":{"start":{"line":49,"column":0},"end":{"line":49,"column":42}},"49":{"start":{"line":50,"column":0},"end":{"line":50,"column":8}},"50":{"start":{"line":51,"column":0},"end":{"line":51,"column":89}},"51":{"start":{"line":52,"column":0},"end":{"line":52,"column":12}},"52":{"start":{"line":53,"column":0},"end":{"line":53,"column":34}},"53":{"start":{"line":54,"column":0},"end":{"line":54,"column":22}},"54":{"start":{"line":55,"column":0},"end":{"line":55,"column":20}},"55":{"start":{"line":56,"column":0},"end":{"line":56,"column":21}},"56":{"start":{"line":57,"column":0},"end":{"line":57,"column":51}},"57":{"start":{"line":58,"column":0},"end":{"line":58,"column":10}},"58":{"start":{"line":59,"column":0},"end":{"line":59,"column":15}},"59":{"start":{"line":60,"column":0},"end":{"line":60,"column":10}},"61":{"start":{"line":62,"column":0},"end":{"line":62,"column":2}},"63":{"start":{"line":64,"column":0},"end":{"line":64,"column":22}}},"s":{"0":1,"1":1,"2":1,"3":1,"4":1,"5":1,"6":5,"7":5,"8":5,"9":5,"11":5,"12":2,"13":2,"14":2,"15":2,"16":2,"17":2,"18":2,"19":2,"20":2,"21":2,"22":2,"24":5,"25":0,"26":0,"27":5,"28":1,"29":1,"30":1,"31":1,"33":5,"34":5,"35":5,"36":0,"37":0,"38":5,"40":5,"41":5,"42":5,"43":5,"44":5,"45":5,"46":5,"47":5,"48":5,"49":5,"50":5,"51":5,"52":5,"53":5,"54":5,"55":5,"56":5,"57":5,"58":5,"59":5,"61":5,"63":1},"branchMap":{"0":{"type":"branch","line":6,"loc":{"start":{"line":6,"column":15},"end":{"line":62,"column":2}},"locations":[{"start":{"line":6,"column":15},"end":{"line":62,"column":2}}]},"1":{"type":"branch","line":12,"loc":{"start":{"line":12,"column":23},"end":{"line":23,"column":4}},"locations":[{"start":{"line":12,"column":23},"end":{"line":23,"column":4}}]},"2":{"type":"branch","line":28,"loc":{"start":{"line":28,"column":21},"end":{"line":32,"column":4}},"locations":[{"start":{"line":28,"column":21},"end":{"line":32,"column":4}}]},"3":{"type":"branch","line":34,"loc":{"start":{"line":34,"column":12},"end":{"line":39,"column":5}},"locations":[{"start":{"line":34,"column":12},"end":{"line":39,"column":5}}]},"4":{"type":"branch","line":36,"loc":{"start":{"line":36,"column":20},"end":{"line":38,"column":5}},"locations":[{"start":{"line":36,"column":20},"end":{"line":38,"column":5}}]}},"b":{"0":[5],"1":[2],"2":[1],"3":[5],"4":[0]},"fnMap":{"0":{"name":"Search","decl":{"start":{"line":6,"column":15},"end":{"line":62,"column":2}},"loc":{"start":{"line":6,"column":15},"end":{"line":62,"column":2}},"line":6},"1":{"name":"handleSubmit","decl":{"start":{"line":12,"column":23},"end":{"line":23,"column":4}},"loc":{"start":{"line":12,"column":23},"end":{"line":23,"column":4}},"line":12},"2":{"name":"onInputChange","decl":{"start":{"line":25,"column":24},"end":{"line":27,"column":4}},"loc":{"start":{"line":25,"column":24},"end":{"line":27,"column":4}},"line":25},"3":{"name":"onKeyPress","decl":{"start":{"line":28,"column":21},"end":{"line":32,"column":4}},"loc":{"start":{"line":28,"column":21},"end":{"line":32,"column":4}},"line":28}},"f":{"0":5,"1":2,"2":0,"3":1}}
,"E:\\Programming\\github\\REACT\\react-rs-2024\\app\\components\\SingleCharacter.tsx": {"path":"E:\\Programming\\github\\REACT\\react-rs-2024\\app\\components\\SingleCharacter.tsx","all":false,"statementMap":{"0":{"start":{"line":1,"column":0},"end":{"line":1,"column":26}},"1":{"start":{"line":2,"column":0},"end":{"line":2,"column":55}},"2":{"start":{"line":3,"column":0},"end":{"line":3,"column":71}},"5":{"start":{"line":6,"column":0},"end":{"line":6,"column":84}},"6":{"start":{"line":7,"column":0},"end":{"line":7,"column":40}},"7":{"start":{"line":8,"column":0},"end":{"line":8,"column":33}},"8":{"start":{"line":9,"column":0},"end":{"line":9,"column":92}},"9":{"start":{"line":10,"column":0},"end":{"line":10,"column":38}},"10":{"start":{"line":11,"column":0},"end":{"line":11,"column":55}},"11":{"start":{"line":12,"column":0},"end":{"line":12,"column":38}},"12":{"start":{"line":13,"column":0},"end":{"line":13,"column":12}},"13":{"start":{"line":14,"column":0},"end":{"line":14,"column":35}},"14":{"start":{"line":15,"column":0},"end":{"line":15,"column":5}},"15":{"start":{"line":16,"column":0},"end":{"line":16,"column":4}},"16":{"start":{"line":17,"column":0},"end":{"line":17,"column":10}},"17":{"start":{"line":18,"column":0},"end":{"line":18,"column":59}},"18":{"start":{"line":19,"column":0},"end":{"line":19,"column":12}},"19":{"start":{"line":20,"column":0},"end":{"line":20,"column":23}},"20":{"start":{"line":21,"column":0},"end":{"line":21,"column":28}},"21":{"start":{"line":22,"column":0},"end":{"line":22,"column":39}},"22":{"start":{"line":23,"column":0},"end":{"line":23,"column":127}},"23":{"start":{"line":24,"column":0},"end":{"line":24,"column":8}},"24":{"start":{"line":25,"column":0},"end":{"line":25,"column":10}},"25":{"start":{"line":26,"column":0},"end":{"line":26,"column":44}},"26":{"start":{"line":27,"column":0},"end":{"line":27,"column":39}},"27":{"start":{"line":28,"column":0},"end":{"line":28,"column":27}},"28":{"start":{"line":29,"column":0},"end":{"line":29,"column":51}},"29":{"start":{"line":30,"column":0},"end":{"line":30,"column":33}},"30":{"start":{"line":31,"column":0},"end":{"line":31,"column":11}},"31":{"start":{"line":32,"column":0},"end":{"line":32,"column":10}},"32":{"start":{"line":33,"column":0},"end":{"line":33,"column":21}},"33":{"start":{"line":34,"column":0},"end":{"line":34,"column":21}},"34":{"start":{"line":35,"column":0},"end":{"line":35,"column":80}},"35":{"start":{"line":36,"column":0},"end":{"line":36,"column":71}},"36":{"start":{"line":37,"column":0},"end":{"line":37,"column":16}},"37":{"start":{"line":38,"column":0},"end":{"line":38,"column":13}},"38":{"start":{"line":39,"column":0},"end":{"line":39,"column":12}},"39":{"start":{"line":40,"column":0},"end":{"line":40,"column":10}},"41":{"start":{"line":42,"column":0},"end":{"line":42,"column":2}},"43":{"start":{"line":44,"column":0},"end":{"line":44,"column":31}}},"s":{"0":1,"1":1,"2":1,"5":1,"6":16,"7":16,"8":16,"9":16,"10":2,"11":1,"12":1,"13":1,"14":1,"15":2,"16":16,"17":16,"18":16,"19":16,"20":16,"21":16,"22":16,"23":16,"24":16,"25":16,"26":16,"27":16,"28":2,"29":2,"30":2,"31":2,"32":16,"33":16,"34":16,"35":16,"36":16,"37":16,"38":16,"39":16,"41":16,"43":1},"branchMap":{"0":{"type":"branch","line":6,"loc":{"start":{"line":6,"column":47},"end":{"line":42,"column":2}},"locations":[{"start":{"line":6,"column":47},"end":{"line":42,"column":2}}]},"1":{"type":"branch","line":35,"loc":{"start":{"line":35,"column":18},"end":{"line":35,"column":31}},"locations":[{"start":{"line":35,"column":18},"end":{"line":35,"column":31}}]},"2":{"type":"branch","line":35,"loc":{"start":{"line":35,"column":36},"end":{"line":35,"column":53}},"locations":[{"start":{"line":35,"column":36},"end":{"line":35,"column":53}}]},"3":{"type":"branch","line":9,"loc":{"start":{"line":9,"column":36},"end":{"line":9,"column":90}},"locations":[{"start":{"line":9,"column":36},"end":{"line":9,"column":90}}]},"4":{"type":"branch","line":10,"loc":{"start":{"line":10,"column":31},"end":{"line":16,"column":4}},"locations":[{"start":{"line":10,"column":31},"end":{"line":16,"column":4}}]},"5":{"type":"branch","line":11,"loc":{"start":{"line":11,"column":54},"end":{"line":15,"column":5}},"locations":[{"start":{"line":11,"column":54},"end":{"line":15,"column":5}}]},"6":{"type":"branch","line":11,"loc":{"start":{"line":11,"column":27},"end":{"line":11,"column":51}},"locations":[{"start":{"line":11,"column":27},"end":{"line":11,"column":51}}]},"7":{"type":"branch","line":23,"loc":{"start":{"line":23,"column":36},"end":{"line":23,"column":60}},"locations":[{"start":{"line":23,"column":36},"end":{"line":23,"column":60}}]},"8":{"type":"branch","line":26,"loc":{"start":{"line":26,"column":17},"end":{"line":26,"column":44}},"locations":[{"start":{"line":26,"column":17},"end":{"line":26,"column":44}}]},"9":{"type":"branch","line":28,"loc":{"start":{"line":28,"column":19},"end":{"line":32,"column":10}},"locations":[{"start":{"line":28,"column":19},"end":{"line":32,"column":10}}]},"10":{"type":"branch","line":29,"loc":{"start":{"line":29,"column":24},"end":{"line":29,"column":50}},"locations":[{"start":{"line":29,"column":24},"end":{"line":29,"column":50}}]}},"b":{"0":[16],"1":[0],"2":[0],"3":[32],"4":[2],"5":[1],"6":[1],"7":[1],"8":[1],"9":[2],"10":[1]},"fnMap":{"0":{"name":"SingleCharacter","decl":{"start":{"line":6,"column":47},"end":{"line":42,"column":2}},"loc":{"start":{"line":6,"column":47},"end":{"line":42,"column":2}},"line":6},"1":{"name":"handleCheckboxChange","decl":{"start":{"line":10,"column":31},"end":{"line":16,"column":4}},"loc":{"start":{"line":10,"column":31},"end":{"line":16,"column":4}},"line":10},"2":{"name":"onClick","decl":{"start":{"line":26,"column":17},"end":{"line":26,"column":44}},"loc":{"start":{"line":26,"column":17},"end":{"line":26,"column":44}},"line":26},"3":{"name":"onKeyDown","decl":{"start":{"line":28,"column":19},"end":{"line":32,"column":10}},"loc":{"start":{"line":28,"column":19},"end":{"line":32,"column":10}},"line":28}},"f":{"0":16,"1":2,"2":1,"3":2}}
,"E:\\Programming\\github\\REACT\\react-rs-2024\\app\\components\\download\\downloadAllItems.ts": {"path":"E:\\Programming\\github\\REACT\\react-rs-2024\\app\\components\\download\\downloadAllItems.ts","all":false,"statementMap":{"2":{"start":{"line":3,"column":0},"end":{"line":3,"column":59}},"3":{"start":{"line":4,"column":0},"end":{"line":4,"column":73}},"4":{"start":{"line":5,"column":0},"end":{"line":5,"column":19}},"5":{"start":{"line":6,"column":0},"end":{"line":6,"column":22}},"6":{"start":{"line":7,"column":0},"end":{"line":7,"column":25}},"7":{"start":{"line":8,"column":0},"end":{"line":8,"column":7}},"8":{"start":{"line":9,"column":0},"end":{"line":9,"column":16}},"9":{"start":{"line":10,"column":0},"end":{"line":10,"column":18}},"10":{"start":{"line":11,"column":0},"end":{"line":11,"column":19}},"11":{"start":{"line":12,"column":0},"end":{"line":12,"column":20}},"12":{"start":{"line":13,"column":0},"end":{"line":13,"column":20}},"13":{"start":{"line":14,"column":0},"end":{"line":14,"column":21}},"14":{"start":{"line":15,"column":0},"end":{"line":15,"column":17}},"15":{"start":{"line":16,"column":0},"end":{"line":16,"column":6}},"16":{"start":{"line":17,"column":0},"end":{"line":17,"column":4}},"17":{"start":{"line":18,"column":0},"end":{"line":18,"column":39}},"18":{"start":{"line":19,"column":0},"end":{"line":19,"column":24}},"20":{"start":{"line":21,"column":0},"end":{"line":21,"column":74}},"22":{"start":{"line":23,"column":0},"end":{"line":23,"column":40}},"23":{"start":{"line":24,"column":0},"end":{"line":24,"column":43}},"24":{"start":{"line":25,"column":0},"end":{"line":25,"column":18}},"25":{"start":{"line":26,"column":0},"end":{"line":26,"column":46}},"26":{"start":{"line":27,"column":0},"end":{"line":27,"column":33}},"27":{"start":{"line":28,"column":0},"end":{"line":28,"column":73}},"28":{"start":{"line":29,"column":0},"end":{"line":29,"column":15}},"29":{"start":{"line":30,"column":0},"end":{"line":30,"column":2}},"31":{"start":{"line":32,"column":0},"end":{"line":32,"column":25}}},"s":{"2":1,"3":0,"4":0,"5":0,"6":0,"7":0,"8":0,"9":0,"10":0,"11":0,"12":0,"13":0,"14":0,"15":0,"16":0,"17":0,"18":0,"20":0,"22":0,"23":0,"24":0,"25":0,"26":0,"27":0,"28":0,"29":0,"31":1},"branchMap":{},"b":{},"fnMap":{"0":{"name":"ExportCSV","decl":{"start":{"line":3,"column":18},"end":{"line":30,"column":2}},"loc":{"start":{"line":3,"column":18},"end":{"line":30,"column":2}},"line":3}},"f":{"0":0}}
,"E:\\Programming\\github\\REACT\\react-rs-2024\\app\\components\\loader\\Loader.tsx": {"path":"E:\\Programming\\github\\REACT\\react-rs-2024\\app\\components\\loader\\Loader.tsx","all":false,"statementMap":{"0":{"start":{"line":1,"column":0},"end":{"line":1,"column":22}},"1":{"start":{"line":2,"column":0},"end":{"line":2,"column":10}},"2":{"start":{"line":3,"column":0},"end":{"line":3,"column":65}},"3":{"start":{"line":4,"column":0},"end":{"line":4,"column":67}},"4":{"start":{"line":5,"column":0},"end":{"line":5,"column":61}},"5":{"start":{"line":6,"column":0},"end":{"line":6,"column":60}},"6":{"start":{"line":7,"column":0},"end":{"line":7,"column":12}},"7":{"start":{"line":8,"column":0},"end":{"line":8,"column":10}},"9":{"start":{"line":10,"column":0},"end":{"line":10,"column":2}},"11":{"start":{"line":12,"column":0},"end":{"line":12,"column":22}}},"s":{"0":1,"1":2,"2":2,"3":2,"4":2,"5":2,"6":2,"7":2,"9":2,"11":1},"branchMap":{"0":{"type":"branch","line":1,"loc":{"start":{"line":1,"column":15},"end":{"line":10,"column":2}},"locations":[{"start":{"line":1,"column":15},"end":{"line":10,"column":2}}]}},"b":{"0":[2]},"fnMap":{"0":{"name":"Loader","decl":{"start":{"line":1,"column":15},"end":{"line":10,"column":2}},"loc":{"start":{"line":1,"column":15},"end":{"line":10,"column":2}},"line":1}},"f":{"0":2}}
,"E:\\Programming\\github\\REACT\\react-rs-2024\\app\\components\\loader\\LoaderDetailedCard.tsx": {"path":"E:\\Programming\\github\\REACT\\react-rs-2024\\app\\components\\loader\\LoaderDetailedCard.tsx","all":false,"statementMap":{"0":{"start":{"line":1,"column":0},"end":{"line":1,"column":34}},"1":{"start":{"line":2,"column":0},"end":{"line":2,"column":10}},"2":{"start":{"line":3,"column":0},"end":{"line":3,"column":74}},"3":{"start":{"line":4,"column":0},"end":{"line":4,"column":59}},"4":{"start":{"line":5,"column":0},"end":{"line":5,"column":58}},"5":{"start":{"line":6,"column":0},"end":{"line":6,"column":10}},"7":{"start":{"line":8,"column":0},"end":{"line":8,"column":2}},"9":{"start":{"line":10,"column":0},"end":{"line":10,"column":34}}},"s":{"0":1,"1":8,"2":8,"3":8,"4":8,"5":8,"7":8,"9":1},"branchMap":{"0":{"type":"branch","line":1,"loc":{"start":{"line":1,"column":27},"end":{"line":8,"column":2}},"locations":[{"start":{"line":1,"column":27},"end":{"line":8,"column":2}}]}},"b":{"0":[8]},"fnMap":{"0":{"name":"LoaderDetailedCard","decl":{"start":{"line":1,"column":27},"end":{"line":8,"column":2}},"loc":{"start":{"line":1,"column":27},"end":{"line":8,"column":2}},"line":1}},"f":{"0":8}}
,"E:\\Programming\\github\\REACT\\react-rs-2024\\app\\components\\redux\\ModalMenu.tsx": {"path":"E:\\Programming\\github\\REACT\\react-rs-2024\\app\\components\\redux\\ModalMenu.tsx","all":false,"statementMap":{"0":{"start":{"line":1,"column":0},"end":{"line":1,"column":44}},"1":{"start":{"line":2,"column":0},"end":{"line":2,"column":55}},"3":{"start":{"line":4,"column":0},"end":{"line":4,"column":68}},"4":{"start":{"line":5,"column":0},"end":{"line":5,"column":53}},"6":{"start":{"line":7,"column":0},"end":{"line":7,"column":25}},"7":{"start":{"line":8,"column":0},"end":{"line":8,"column":52}},"8":{"start":{"line":9,"column":0},"end":{"line":9,"column":33}},"9":{"start":{"line":10,"column":0},"end":{"line":10,"column":36}},"10":{"start":{"line":11,"column":0},"end":{"line":11,"column":58}},"11":{"start":{"line":12,"column":0},"end":{"line":12,"column":4}},"12":{"start":{"line":13,"column":0},"end":{"line":13,"column":19}},"13":{"start":{"line":14,"column":0},"end":{"line":14,"column":43}},"14":{"start":{"line":15,"column":0},"end":{"line":15,"column":22}},"16":{"start":{"line":17,"column":0},"end":{"line":17,"column":39}},"17":{"start":{"line":18,"column":0},"end":{"line":18,"column":33}},"18":{"start":{"line":19,"column":0},"end":{"line":19,"column":4}},"20":{"start":{"line":21,"column":0},"end":{"line":21,"column":10}},"21":{"start":{"line":22,"column":0},"end":{"line":22,"column":8}},"22":{"start":{"line":23,"column":0},"end":{"line":23,"column":118}},"23":{"start":{"line":24,"column":0},"end":{"line":24,"column":42}},"24":{"start":{"line":25,"column":0},"end":{"line":25,"column":9}},"26":{"start":{"line":27,"column":0},"end":{"line":27,"column":52}},"27":{"start":{"line":28,"column":0},"end":{"line":28,"column":49}},"28":{"start":{"line":29,"column":0},"end":{"line":29,"column":11}},"29":{"start":{"line":30,"column":0},"end":{"line":30,"column":13}},"30":{"start":{"line":31,"column":0},"end":{"line":31,"column":39}},"31":{"start":{"line":32,"column":0},"end":{"line":32,"column":74}},"32":{"start":{"line":33,"column":0},"end":{"line":33,"column":7}},"34":{"start":{"line":35,"column":0},"end":{"line":35,"column":15}},"35":{"start":{"line":36,"column":0},"end":{"line":36,"column":13}},"36":{"start":{"line":37,"column":0},"end":{"line":37,"column":22}},"37":{"start":{"line":38,"column":0},"end":{"line":38,"column":21}},"38":{"start":{"line":39,"column":0},"end":{"line":39,"column":32}},"39":{"start":{"line":40,"column":0},"end":{"line":40,"column":48}},"40":{"start":{"line":41,"column":0},"end":{"line":41,"column":12}},"42":{"start":{"line":43,"column":0},"end":{"line":43,"column":83}},"43":{"start":{"line":44,"column":0},"end":{"line":44,"column":7}},"45":{"start":{"line":46,"column":0},"end":{"line":46,"column":15}},"46":{"start":{"line":47,"column":0},"end":{"line":47,"column":10}},"48":{"start":{"line":49,"column":0},"end":{"line":49,"column":2}},"50":{"start":{"line":51,"column":0},"end":{"line":51,"column":25}}},"s":{"0":1,"1":1,"3":1,"4":1,"6":1,"7":9,"8":9,"9":9,"10":9,"11":9,"12":9,"13":8,"14":9,"16":9,"17":1,"18":1,"20":9,"21":9,"22":9,"23":9,"24":9,"26":9,"27":9,"28":9,"29":9,"30":9,"31":9,"32":9,"34":9,"35":9,"36":9,"37":0,"38":0,"39":0,"40":0,"42":9,"43":9,"45":9,"46":9,"48":9,"50":1},"branchMap":{"0":{"type":"branch","line":7,"loc":{"start":{"line":7,"column":18},"end":{"line":49,"column":2}},"locations":[{"start":{"line":7,"column":18},"end":{"line":49,"column":2}}]},"1":{"type":"branch","line":24,"loc":{"start":{"line":24,"column":8},"end":{"line":24,"column":34}},"locations":[{"start":{"line":24,"column":8},"end":{"line":24,"column":34}}]},"2":{"type":"branch","line":24,"loc":{"start":{"line":24,"column":20},"end":{"line":24,"column":42}},"locations":[{"start":{"line":24,"column":20},"end":{"line":24,"column":42}}]},"3":{"type":"branch","line":11,"loc":{"start":{"line":11,"column":4},"end":{"line":11,"column":58}},"locations":[{"start":{"line":11,"column":4},"end":{"line":11,"column":58}}]},"4":{"type":"branch","line":13,"loc":{"start":{"line":13,"column":12},"end":{"line":15,"column":5}},"locations":[{"start":{"line":13,"column":12},"end":{"line":15,"column":5}}]},"5":{"type":"branch","line":17,"loc":{"start":{"line":17,"column":32},"end":{"line":19,"column":4}},"locations":[{"start":{"line":17,"column":32},"end":{"line":19,"column":4}}]}},"b":{"0":[9],"1":[1],"2":[8],"3":[17],"4":[8],"5":[1]},"fnMap":{"0":{"name":"ModalMenu","decl":{"start":{"line":7,"column":18},"end":{"line":49,"column":2}},"loc":{"start":{"line":7,"column":18},"end":{"line":49,"column":2}},"line":7},"1":{"name":"unselectAllCheckboxes","decl":{"start":{"line":17,"column":32},"end":{"line":19,"column":4}},"loc":{"start":{"line":17,"column":32},"end":{"line":19,"column":4}},"line":17},"2":{"name":"onClick","decl":{"start":{"line":37,"column":17},"end":{"line":41,"column":12}},"loc":{"start":{"line":37,"column":17},"end":{"line":41,"column":12}},"line":37}},"f":{"0":9,"1":1,"2":0}}
,"E:\\Programming\\github\\REACT\\react-rs-2024\\app\\components\\ui\\ThemeToggleButton.tsx": {"path":"E:\\Programming\\github\\REACT\\react-rs-2024\\app\\components\\ui\\ThemeToggleButton.tsx","all":false,"statementMap":{"0":{"start":{"line":1,"column":0},"end":{"line":1,"column":35}},"1":{"start":{"line":2,"column":0},"end":{"line":2,"column":57}},"3":{"start":{"line":4,"column":0},"end":{"line":4,"column":33}},"4":{"start":{"line":5,"column":0},"end":{"line":5,"column":63}},"5":{"start":{"line":6,"column":0},"end":{"line":6,"column":10}},"6":{"start":{"line":7,"column":0},"end":{"line":7,"column":34}},"7":{"start":{"line":8,"column":0},"end":{"line":8,"column":21}},"8":{"start":{"line":9,"column":0},"end":{"line":9,"column":12}},"9":{"start":{"line":10,"column":0},"end":{"line":10,"column":44}},"10":{"start":{"line":11,"column":0},"end":{"line":11,"column":20}},"11":{"start":{"line":12,"column":0},"end":{"line":12,"column":21}},"12":{"start":{"line":13,"column":0},"end":{"line":13,"column":29}},"13":{"start":{"line":14,"column":0},"end":{"line":14,"column":21}},"14":{"start":{"line":15,"column":0},"end":{"line":15,"column":24}},"15":{"start":{"line":16,"column":0},"end":{"line":16,"column":25}},"16":{"start":{"line":17,"column":0},"end":{"line":17,"column":31}},"17":{"start":{"line":18,"column":0},"end":{"line":18,"column":32}},"18":{"start":{"line":19,"column":0},"end":{"line":19,"column":39}},"20":{"start":{"line":21,"column":0},"end":{"line":21,"column":42}},"21":{"start":{"line":22,"column":0},"end":{"line":22,"column":30}},"22":{"start":{"line":23,"column":0},"end":{"line":23,"column":31}},"23":{"start":{"line":24,"column":0},"end":{"line":24,"column":43}},"24":{"start":{"line":25,"column":0},"end":{"line":25,"column":45}},"25":{"start":{"line":26,"column":0},"end":{"line":26,"column":30}},"26":{"start":{"line":27,"column":0},"end":{"line":27,"column":31}},"27":{"start":{"line":28,"column":0},"end":{"line":28,"column":44}},"28":{"start":{"line":29,"column":0},"end":{"line":29,"column":44}},"29":{"start":{"line":30,"column":0},"end":{"line":30,"column":14}},"31":{"start":{"line":32,"column":0},"end":{"line":32,"column":12}},"32":{"start":{"line":33,"column":0},"end":{"line":33,"column":44}},"33":{"start":{"line":34,"column":0},"end":{"line":34,"column":20}},"34":{"start":{"line":35,"column":0},"end":{"line":35,"column":21}},"35":{"start":{"line":36,"column":0},"end":{"line":36,"column":29}},"36":{"start":{"line":37,"column":0},"end":{"line":37,"column":21}},"37":{"start":{"line":38,"column":0},"end":{"line":38,"column":24}},"38":{"start":{"line":39,"column":0},"end":{"line":39,"column":25}},"39":{"start":{"line":40,"column":0},"end":{"line":40,"column":31}},"40":{"start":{"line":41,"column":0},"end":{"line":41,"column":32}},"41":{"start":{"line":42,"column":0},"end":{"line":42,"column":40}},"43":{"start":{"line":44,"column":0},"end":{"line":44,"column":57}},"44":{"start":{"line":45,"column":0},"end":{"line":45,"column":14}},"46":{"start":{"line":47,"column":0},"end":{"line":47,"column":13}},"48":{"start":{"line":49,"column":0},"end":{"line":49,"column":2}},"50":{"start":{"line":51,"column":0},"end":{"line":51,"column":33}}},"s":{"0":1,"1":1,"3":1,"4":5,"5":5,"6":5,"7":5,"8":2,"9":2,"10":2,"11":2,"12":2,"13":2,"14":2,"15":2,"16":2,"17":2,"18":2,"20":2,"21":2,"22":2,"23":2,"24":2,"25":2,"26":2,"27":2,"28":2,"29":2,"31":3,"32":3,"33":3,"34":3,"35":3,"36":3,"37":3,"38":3,"39":3,"40":3,"41":3,"43":3,"44":3,"46":5,"48":5,"50":1},"branchMap":{"0":{"type":"branch","line":4,"loc":{"start":{"line":4,"column":26},"end":{"line":49,"column":2}},"locations":[{"start":{"line":4,"column":26},"end":{"line":49,"column":2}}]},"1":{"type":"branch","line":8,"loc":{"start":{"line":8,"column":7},"end":{"line":30,"column":14}},"locations":[{"start":{"line":8,"column":7},"end":{"line":30,"column":14}}]},"2":{"type":"branch","line":30,"loc":{"start":{"line":30,"column":8},"end":{"line":45,"column":14}},"locations":[{"start":{"line":30,"column":8},"end":{"line":45,"column":14}}]}},"b":{"0":[5],"1":[2],"2":[3]},"fnMap":{"0":{"name":"ThemeToggleButton","decl":{"start":{"line":4,"column":26},"end":{"line":49,"column":2}},"loc":{"start":{"line":4,"column":26},"end":{"line":49,"column":2}},"line":4}},"f":{"0":5}}
,"E:\\Programming\\github\\REACT\\react-rs-2024\\app\\components\\ui\\ThrowErrorButton.tsx": {"path":"E:\\Programming\\github\\REACT\\react-rs-2024\\app\\components\\ui\\ThrowErrorButton.tsx","all":false,"statementMap":{"0":{"start":{"line":1,"column":0},"end":{"line":1,"column":44}},"2":{"start":{"line":3,"column":0},"end":{"line":3,"column":44}},"3":{"start":{"line":4,"column":0},"end":{"line":4,"column":66}},"5":{"start":{"line":6,"column":0},"end":{"line":6,"column":19}},"6":{"start":{"line":7,"column":0},"end":{"line":7,"column":27}},"7":{"start":{"line":8,"column":0},"end":{"line":8,"column":46}},"8":{"start":{"line":9,"column":0},"end":{"line":9,"column":5}},"9":{"start":{"line":10,"column":0},"end":{"line":10,"column":25}},"11":{"start":{"line":12,"column":0},"end":{"line":12,"column":10}},"12":{"start":{"line":13,"column":0},"end":{"line":13,"column":79}},"14":{"start":{"line":15,"column":0},"end":{"line":15,"column":13}},"16":{"start":{"line":17,"column":0},"end":{"line":17,"column":1}}},"s":{"0":1,"2":4,"3":4,"5":4,"6":3,"7":1,"8":1,"9":4,"11":4,"12":4,"14":4,"16":4},"branchMap":{"0":{"type":"branch","line":3,"loc":{"start":{"line":3,"column":0},"end":{"line":17,"column":1}},"locations":[{"start":{"line":3,"column":0},"end":{"line":17,"column":1}}]},"1":{"type":"branch","line":6,"loc":{"start":{"line":6,"column":12},"end":{"line":10,"column":5}},"locations":[{"start":{"line":6,"column":12},"end":{"line":10,"column":5}}]},"2":{"type":"branch","line":7,"loc":{"start":{"line":7,"column":26},"end":{"line":9,"column":5}},"locations":[{"start":{"line":7,"column":26},"end":{"line":9,"column":5}}]},"3":{"type":"branch","line":13,"loc":{"start":{"line":13,"column":46},"end":{"line":13,"column":79}},"locations":[{"start":{"line":13,"column":46},"end":{"line":13,"column":79}}]}},"b":{"0":[4],"1":[3],"2":[1],"3":[1]},"fnMap":{"0":{"name":"ThrowErrorButton","decl":{"start":{"line":3,"column":0},"end":{"line":17,"column":1}},"loc":{"start":{"line":3,"column":0},"end":{"line":17,"column":1}},"line":3},"1":{"name":"onClick","decl":{"start":{"line":13,"column":46},"end":{"line":13,"column":79}},"loc":{"start":{"line":13,"column":46},"end":{"line":13,"column":79}},"line":13}},"f":{"0":4,"1":1}}
,"E:\\Programming\\github\\REACT\\react-rs-2024\\app\\contexts\\SearchContext.ts": {"path":"E:\\Programming\\github\\REACT\\react-rs-2024\\app\\contexts\\SearchContext.ts","all":false,"statementMap":{"0":{"start":{"line":1,"column":0},"end":{"line":1,"column":38}},"3":{"start":{"line":4,"column":0},"end":{"line":4,"column":59}},"4":{"start":{"line":5,"column":0},"end":{"line":5,"column":20}},"5":{"start":{"line":6,"column":0},"end":{"line":6,"column":27}},"6":{"start":{"line":7,"column":0},"end":{"line":7,"column":3}}},"s":{"0":1,"3":1,"4":1,"5":1,"6":1},"branchMap":{},"b":{},"fnMap":{"0":{"name":"setTerm","decl":{"start":{"line":5,"column":11},"end":{"line":5,"column":20}},"loc":{"start":{"line":5,"column":11},"end":{"line":5,"column":20}},"line":5},"1":{"name":"setCurrentPage","decl":{"start":{"line":6,"column":18},"end":{"line":6,"column":27}},"loc":{"start":{"line":6,"column":18},"end":{"line":6,"column":27}},"line":6}},"f":{"0":0,"1":0}}
,"E:\\Programming\\github\\REACT\\react-rs-2024\\app\\hooks\\useLocalStorage.ts": {"path":"E:\\Programming\\github\\REACT\\react-rs-2024\\app\\hooks\\useLocalStorage.ts","all":false,"statementMap":{"0":{"start":{"line":1,"column":0},"end":{"line":1,"column":44}},"2":{"start":{"line":3,"column":0},"end":{"line":3,"column":76}},"3":{"start":{"line":4,"column":0},"end":{"line":4,"column":59}},"5":{"start":{"line":6,"column":0},"end":{"line":6,"column":19}},"6":{"start":{"line":7,"column":0},"end":{"line":7,"column":9}},"7":{"start":{"line":8,"column":0},"end":{"line":8,"column":52}},"8":{"start":{"line":9,"column":0},"end":{"line":9,"column":24}},"9":{"start":{"line":10,"column":0},"end":{"line":10,"column":42}},"10":{"start":{"line":11,"column":0},"end":{"line":11,"column":14}},"11":{"start":{"line":12,"column":0},"end":{"line":12,"column":64}},"12":{"start":{"line":13,"column":0},"end":{"line":13,"column":7}},"13":{"start":{"line":14,"column":0},"end":{"line":14,"column":21}},"14":{"start":{"line":15,"column":0},"end":{"line":15,"column":71}},"15":{"start":{"line":16,"column":0},"end":{"line":16,"column":5}},"16":{"start":{"line":17,"column":0},"end":{"line":17,"column":26}},"18":{"start":{"line":19,"column":0},"end":{"line":19,"column":41}},"19":{"start":{"line":20,"column":0},"end":{"line":20,"column":23}},"20":{"start":{"line":21,"column":0},"end":{"line":21,"column":9}},"21":{"start":{"line":22,"column":0},"end":{"line":22,"column":58}},"22":{"start":{"line":23,"column":0},"end":{"line":23,"column":21}},"23":{"start":{"line":24,"column":0},"end":{"line":24,"column":71}},"24":{"start":{"line":25,"column":0},"end":{"line":25,"column":5}},"25":{"start":{"line":26,"column":0},"end":{"line":26,"column":4}},"27":{"start":{"line":28,"column":0},"end":{"line":28,"column":45}},"28":{"start":{"line":29,"column":0},"end":{"line":29,"column":1}}},"s":{"0":1,"2":2,"3":2,"5":2,"6":2,"7":2,"8":2,"9":1,"10":1,"11":1,"12":1,"13":2,"14":0,"15":0,"16":2,"18":2,"19":0,"20":0,"21":0,"22":0,"23":0,"24":0,"25":0,"27":2,"28":2},"branchMap":{"0":{"type":"branch","line":3,"loc":{"start":{"line":3,"column":0},"end":{"line":29,"column":1}},"locations":[{"start":{"line":3,"column":0},"end":{"line":29,"column":1}}]},"1":{"type":"branch","line":6,"loc":{"start":{"line":6,"column":12},"end":{"line":17,"column":5}},"locations":[{"start":{"line":6,"column":12},"end":{"line":17,"column":5}}]},"2":{"type":"branch","line":9,"loc":{"start":{"line":9,"column":23},"end":{"line":13,"column":7}},"locations":[{"start":{"line":9,"column":23},"end":{"line":13,"column":7}}]},"3":{"type":"branch","line":14,"loc":{"start":{"line":14,"column":4},"end":{"line":16,"column":5}},"locations":[{"start":{"line":14,"column":4},"end":{"line":16,"column":5}}]}},"b":{"0":[2],"1":[2],"2":[1],"3":[0]},"fnMap":{"0":{"name":"useLocalStorage","decl":{"start":{"line":3,"column":0},"end":{"line":29,"column":1}},"loc":{"start":{"line":3,"column":0},"end":{"line":29,"column":1}},"line":3},"1":{"name":"setItem","decl":{"start":{"line":19,"column":18},"end":{"line":26,"column":4}},"loc":{"start":{"line":19,"column":18},"end":{"line":26,"column":4}},"line":19}},"f":{"0":2,"1":0}}
,"E:\\Programming\\github\\REACT\\react-rs-2024\\app\\providers\\SearchProvider.tsx": {"path":"E:\\Programming\\github\\REACT\\react-rs-2024\\app\\providers\\SearchProvider.tsx","all":true,"statementMap":{"0":{"start":{"line":1,"column":0},"end":{"line":1,"column":40}},"1":{"start":{"line":2,"column":0},"end":{"line":2,"column":57}},"7":{"start":{"line":8,"column":0},"end":{"line":8,"column":80}},"9":{"start":{"line":10,"column":0},"end":{"line":10,"column":39}},"11":{"start":{"line":12,"column":0},"end":{"line":12,"column":52}},"13":{"start":{"line":14,"column":0},"end":{"line":14,"column":10}},"14":{"start":{"line":15,"column":0},"end":{"line":15,"column":64}},"15":{"start":{"line":16,"column":0},"end":{"line":16,"column":16}},"16":{"start":{"line":17,"column":0},"end":{"line":17,"column":29}},"18":{"start":{"line":19,"column":0},"end":{"line":19,"column":2}}},"s":{"0":0,"1":0,"7":0,"9":0,"11":0,"13":0,"14":0,"15":0,"16":0,"18":0},"branchMap":{"0":{"type":"branch","line":1,"loc":{"start":{"line":1,"column":0},"end":{"line":19,"column":-98}},"locations":[{"start":{"line":1,"column":0},"end":{"line":19,"column":-98}}]}},"b":{"0":[0]},"fnMap":{"0":{"name":"(empty-report)","decl":{"start":{"line":1,"column":0},"end":{"line":19,"column":-98}},"loc":{"start":{"line":1,"column":0},"end":{"line":19,"column":-98}},"line":1}},"f":{"0":0}}
,"E:\\Programming\\github\\REACT\\react-rs-2024\\app\\providers\\ThemeProvider.tsx": {"path":"E:\\Programming\\github\\REACT\\react-rs-2024\\app\\providers\\ThemeProvider.tsx","all":false,"statementMap":{"0":{"start":{"line":1,"column":0},"end":{"line":1,"column":72}},"3":{"start":{"line":4,"column":0},"end":{"line":4,"column":61}},"4":{"start":{"line":5,"column":0},"end":{"line":5,"column":20}},"5":{"start":{"line":6,"column":0},"end":{"line":6,"column":24}},"6":{"start":{"line":7,"column":0},"end":{"line":7,"column":3}},"8":{"start":{"line":9,"column":0},"end":{"line":9,"column":55}},"9":{"start":{"line":10,"column":0},"end":{"line":10,"column":54}},"11":{"start":{"line":12,"column":0},"end":{"line":12,"column":41}},"12":{"start":{"line":13,"column":0},"end":{"line":13,"column":43}},"13":{"start":{"line":14,"column":0},"end":{"line":14,"column":9}},"14":{"start":{"line":15,"column":0},"end":{"line":15,"column":19}},"15":{"start":{"line":16,"column":0},"end":{"line":16,"column":42}},"16":{"start":{"line":17,"column":0},"end":{"line":17,"column":19}},"17":{"start":{"line":18,"column":0},"end":{"line":18,"column":35}},"18":{"start":{"line":19,"column":0},"end":{"line":19,"column":6}},"19":{"start":{"line":20,"column":0},"end":{"line":20,"column":19}},"20":{"start":{"line":21,"column":0},"end":{"line":21,"column":10}},"21":{"start":{"line":22,"column":0},"end":{"line":22,"column":63}},"22":{"start":{"line":23,"column":0},"end":{"line":23,"column":16}},"23":{"start":{"line":24,"column":0},"end":{"line":24,"column":28}},"25":{"start":{"line":26,"column":0},"end":{"line":26,"column":2}}},"s":{"0":1,"3":1,"4":1,"5":1,"6":1,"8":1,"9":3,"11":3,"12":2,"13":3,"14":3,"15":3,"16":3,"17":3,"18":3,"19":3,"20":3,"21":3,"22":3,"23":3,"25":3},"branchMap":{"0":{"type":"branch","line":9,"loc":{"start":{"line":9,"column":29},"end":{"line":26,"column":2}},"locations":[{"start":{"line":9,"column":29},"end":{"line":26,"column":2}}]},"1":{"type":"branch","line":12,"loc":{"start":{"line":12,"column":34},"end":{"line":14,"column":5}},"locations":[{"start":{"line":12,"column":34},"end":{"line":14,"column":5}}]},"2":{"type":"branch","line":13,"loc":{"start":{"line":13,"column":18},"end":{"line":13,"column":41}},"locations":[{"start":{"line":13,"column":18},"end":{"line":13,"column":41}}]},"3":{"type":"branch","line":15,"loc":{"start":{"line":15,"column":12},"end":{"line":20,"column":5}},"locations":[{"start":{"line":15,"column":12},"end":{"line":20,"column":5}}]},"4":{"type":"branch","line":18,"loc":{"start":{"line":18,"column":6},"end":{"line":18,"column":28}},"locations":[{"start":{"line":18,"column":6},"end":{"line":18,"column":28}}]},"5":{"type":"branch","line":18,"loc":{"start":{"line":18,"column":19},"end":{"line":18,"column":35}},"locations":[{"start":{"line":18,"column":19},"end":{"line":18,"column":35}}]}},"b":{"0":[3],"1":[2],"2":[2],"3":[3],"4":[1],"5":[2]},"fnMap":{"0":{"name":"toggleTheme","decl":{"start":{"line":6,"column":15},"end":{"line":6,"column":24}},"loc":{"start":{"line":6,"column":15},"end":{"line":6,"column":24}},"line":6},"1":{"name":"ThemeProvider","decl":{"start":{"line":9,"column":29},"end":{"line":26,"column":2}},"loc":{"start":{"line":9,"column":29},"end":{"line":26,"column":2}},"line":9}},"f":{"0":0,"1":3}}
,"E:\\Programming\\github\\REACT\\react-rs-2024\\app\\routes\\$.tsx": {"path":"E:\\Programming\\github\\REACT\\react-rs-2024\\app\\routes\\$.tsx","all":true,"statementMap":{"0":{"start":{"line":1,"column":0},"end":{"line":1,"column":45}},"2":{"start":{"line":3,"column":0},"end":{"line":3,"column":17}},"3":{"start":{"line":4,"column":0},"end":{"line":4,"column":22}},"4":{"start":{"line":5,"column":0},"end":{"line":5,"column":2}},"6":{"start":{"line":7,"column":0},"end":{"line":7,"column":17}}},"s":{"0":0,"2":0,"3":0,"4":0,"6":0},"branchMap":{"0":{"type":"branch","line":1,"loc":{"start":{"line":1,"column":115},"end":{"line":7,"column":17}},"locations":[{"start":{"line":1,"column":115},"end":{"line":7,"column":17}}]}},"b":{"0":[0]},"fnMap":{"0":{"name":"(empty-report)","decl":{"start":{"line":1,"column":115},"end":{"line":7,"column":17}},"loc":{"start":{"line":1,"column":115},"end":{"line":7,"column":17}},"line":1}},"f":{"0":0}}
,"E:\\Programming\\github\\REACT\\react-rs-2024\\app\\routes\\_index.tsx": {"path":"E:\\Programming\\github\\REACT\\react-rs-2024\\app\\routes\\_index.tsx","all":true,"statementMap":{"0":{"start":{"line":1,"column":0},"end":{"line":1,"column":62}},"2":{"start":{"line":3,"column":0},"end":{"line":3,"column":41}},"3":{"start":{"line":4,"column":0},"end":{"line":4,"column":10}},"4":{"start":{"line":5,"column":0},"end":{"line":5,"column":31}},"5":{"start":{"line":6,"column":0},"end":{"line":6,"column":58}},"6":{"start":{"line":7,"column":0},"end":{"line":7,"column":4}},"7":{"start":{"line":8,"column":0},"end":{"line":8,"column":2}},"9":{"start":{"line":10,"column":0},"end":{"line":10,"column":35}},"10":{"start":{"line":11,"column":0},"end":{"line":11,"column":31}},"11":{"start":{"line":12,"column":0},"end":{"line":12,"column":2}}},"s":{"0":0,"2":0,"3":0,"4":0,"5":0,"6":0,"7":0,"9":0,"10":0,"11":0},"branchMap":{"0":{"type":"branch","line":1,"loc":{"start":{"line":1,"column":287},"end":{"line":12,"column":2}},"locations":[{"start":{"line":1,"column":287},"end":{"line":12,"column":2}}]}},"b":{"0":[0]},"fnMap":{"0":{"name":"(empty-report)","decl":{"start":{"line":1,"column":287},"end":{"line":12,"column":2}},"loc":{"start":{"line":1,"column":287},"end":{"line":12,"column":2}},"line":1}},"f":{"0":0}}
,"E:\\Programming\\github\\REACT\\react-rs-2024\\app\\routes\\search.$page.tsx": {"path":"E:\\Programming\\github\\REACT\\react-rs-2024\\app\\routes\\search.$page.tsx","all":false,"statementMap":{"0":{"start":{"line":1,"column":0},"end":{"line":1,"column":55}},"1":{"start":{"line":2,"column":0},"end":{"line":2,"column":66}},"2":{"start":{"line":3,"column":0},"end":{"line":3,"column":37}},"4":{"start":{"line":5,"column":0},"end":{"line":5,"column":33}},"6":{"start":{"line":7,"column":0},"end":{"line":7,"column":70}},"8":{"start":{"line":9,"column":0},"end":{"line":9,"column":53}},"9":{"start":{"line":10,"column":0},"end":{"line":10,"column":51}},"10":{"start":{"line":11,"column":0},"end":{"line":11,"column":57}},"12":{"start":{"line":13,"column":0},"end":{"line":13,"column":35}},"13":{"start":{"line":14,"column":0},"end":{"line":14,"column":49}},"14":{"start":{"line":15,"column":0},"end":{"line":15,"column":57}},"15":{"start":{"line":16,"column":0},"end":{"line":16,"column":95}},"17":{"start":{"line":18,"column":0},"end":{"line":18,"column":7}},"18":{"start":{"line":19,"column":0},"end":{"line":19,"column":41}},"19":{"start":{"line":20,"column":0},"end":{"line":20,"column":59}},"21":{"start":{"line":22,"column":0},"end":{"line":22,"column":17}},"22":{"start":{"line":23,"column":0},"end":{"line":23,"column":18}},"23":{"start":{"line":24,"column":0},"end":{"line":24,"column":14}},"24":{"start":{"line":25,"column":0},"end":{"line":25,"column":23}},"25":{"start":{"line":26,"column":0},"end":{"line":26,"column":42}},"26":{"start":{"line":27,"column":0},"end":{"line":27,"column":34}},"27":{"start":{"line":28,"column":0},"end":{"line":28,"column":11}},"28":{"start":{"line":29,"column":0},"end":{"line":29,"column":23}},"29":{"start":{"line":30,"column":0},"end":{"line":30,"column":62}},"30":{"start":{"line":31,"column":0},"end":{"line":31,"column":7}},"31":{"start":{"line":32,"column":0},"end":{"line":32,"column":19}},"32":{"start":{"line":33,"column":0},"end":{"line":33,"column":17}},"33":{"start":{"line":34,"column":0},"end":{"line":34,"column":18}},"34":{"start":{"line":35,"column":0},"end":{"line":35,"column":14}},"35":{"start":{"line":36,"column":0},"end":{"line":36,"column":23}},"36":{"start":{"line":37,"column":0},"end":{"line":37,"column":21}},"37":{"start":{"line":38,"column":0},"end":{"line":38,"column":20}},"38":{"start":{"line":39,"column":0},"end":{"line":39,"column":11}},"39":{"start":{"line":40,"column":0},"end":{"line":40,"column":23}},"40":{"start":{"line":41,"column":0},"end":{"line":41,"column":32}},"41":{"start":{"line":42,"column":0},"end":{"line":42,"column":7}},"42":{"start":{"line":43,"column":0},"end":{"line":43,"column":3}},"43":{"start":{"line":44,"column":0},"end":{"line":44,"column":2}},"45":{"start":{"line":46,"column":0},"end":{"line":46,"column":31}},"46":{"start":{"line":47,"column":0},"end":{"line":47,"column":9}},"47":{"start":{"line":48,"column":0},"end":{"line":48,"column":12}},"48":{"start":{"line":49,"column":0},"end":{"line":49,"column":15}},"49":{"start":{"line":50,"column":0},"end":{"line":50,"column":13}},"50":{"start":{"line":51,"column":0},"end":{"line":51,"column":15}},"51":{"start":{"line":52,"column":0},"end":{"line":52,"column":14}},"52":{"start":{"line":53,"column":0},"end":{"line":53,"column":9}},"53":{"start":{"line":54,"column":0},"end":{"line":54,"column":19}},"54":{"start":{"line":55,"column":0},"end":{"line":55,"column":16}},"55":{"start":{"line":56,"column":0},"end":{"line":56,"column":37}},"56":{"start":{"line":57,"column":0},"end":{"line":57,"column":60}},"57":{"start":{"line":58,"column":0},"end":{"line":58,"column":58}},"59":{"start":{"line":60,"column":0},"end":{"line":60,"column":34}},"60":{"start":{"line":61,"column":0},"end":{"line":61,"column":37}},"61":{"start":{"line":62,"column":0},"end":{"line":62,"column":34}},"62":{"start":{"line":63,"column":0},"end":{"line":63,"column":4}},"64":{"start":{"line":65,"column":0},"end":{"line":65,"column":43}},"65":{"start":{"line":66,"column":0},"end":{"line":66,"column":47}},"66":{"start":{"line":67,"column":0},"end":{"line":67,"column":34}},"67":{"start":{"line":68,"column":0},"end":{"line":68,"column":4}},"68":{"start":{"line":69,"column":0},"end":{"line":69,"column":10}},"69":{"start":{"line":70,"column":0},"end":{"line":70,"column":9}},"70":{"start":{"line":71,"column":0},"end":{"line":71,"column":17}},"71":{"start":{"line":72,"column":0},"end":{"line":72,"column":31}},"72":{"start":{"line":73,"column":0},"end":{"line":73,"column":29}},"73":{"start":{"line":74,"column":0},"end":{"line":74,"column":29}},"74":{"start":{"line":75,"column":0},"end":{"line":75,"column":37}},"75":{"start":{"line":76,"column":0},"end":{"line":76,"column":27}},"76":{"start":{"line":77,"column":0},"end":{"line":77,"column":25}},"77":{"start":{"line":78,"column":0},"end":{"line":78,"column":35}},"78":{"start":{"line":79,"column":0},"end":{"line":79,"column":39}},"79":{"start":{"line":80,"column":0},"end":{"line":80,"column":41}},"80":{"start":{"line":81,"column":0},"end":{"line":81,"column":6}},"82":{"start":{"line":83,"column":0},"end":{"line":83,"column":1}}},"s":{"0":1,"1":1,"2":1,"4":1,"6":1,"8":3,"9":3,"10":3,"12":3,"13":3,"14":3,"15":3,"17":3,"18":3,"19":2,"21":2,"22":2,"23":2,"24":2,"25":2,"26":2,"27":2,"28":2,"29":2,"30":2,"31":3,"32":1,"33":1,"34":1,"35":1,"36":1,"37":1,"38":1,"39":1,"40":1,"41":1,"42":1,"43":3,"45":0,"46":0,"47":0,"48":0,"49":0,"50":0,"51":0,"52":0,"53":0,"54":0,"55":0,"56":0,"57":0,"59":0,"60":0,"61":0,"62":0,"64":0,"65":0,"66":0,"67":0,"68":0,"69":0,"70":0,"71":0,"72":0,"73":0,"74":0,"75":0,"76":0,"77":0,"78":0,"79":0,"80":0,"82":0},"branchMap":{"0":{"type":"branch","line":7,"loc":{"start":{"line":7,"column":38},"end":{"line":44,"column":2}},"locations":[{"start":{"line":7,"column":38},"end":{"line":44,"column":2}}]},"1":{"type":"branch","line":10,"loc":{"start":{"line":10,"column":31},"end":{"line":10,"column":49}},"locations":[{"start":{"line":10,"column":31},"end":{"line":10,"column":49}}]},"2":{"type":"branch","line":11,"loc":{"start":{"line":11,"column":49},"end":{"line":11,"column":57}},"locations":[{"start":{"line":11,"column":49},"end":{"line":11,"column":57}}]},"3":{"type":"branch","line":14,"loc":{"start":{"line":14,"column":40},"end":{"line":14,"column":49}},"locations":[{"start":{"line":14,"column":40},"end":{"line":14,"column":49}}]},"4":{"type":"branch","line":15,"loc":{"start":{"line":15,"column":48},"end":{"line":15,"column":57}},"locations":[{"start":{"line":15,"column":48},"end":{"line":15,"column":57}}]},"5":{"type":"branch","line":19,"loc":{"start":{"line":19,"column":39},"end":{"line":32,"column":11}},"locations":[{"start":{"line":19,"column":39},"end":{"line":32,"column":11}}]},"6":{"type":"branch","line":32,"loc":{"start":{"line":32,"column":2},"end":{"line":43,"column":3}},"locations":[{"start":{"line":32,"column":2},"end":{"line":43,"column":3}}]}},"b":{"0":[3],"1":[0],"2":[0],"3":[0],"4":[2],"5":[2],"6":[1]},"fnMap":{"0":{"name":"loader","decl":{"start":{"line":7,"column":38},"end":{"line":44,"column":2}},"loc":{"start":{"line":7,"column":38},"end":{"line":44,"column":2}},"line":7},"1":{"name":"App","decl":{"start":{"line":46,"column":0},"end":{"line":83,"column":1}},"loc":{"start":{"line":46,"column":0},"end":{"line":83,"column":1}},"line":46}},"f":{"0":3,"1":0}}
,"E:\\Programming\\github\\REACT\\react-rs-2024\\app\\store\\index.ts": {"path":"E:\\Programming\\github\\REACT\\react-rs-2024\\app\\store\\index.ts","all":false,"statementMap":{"0":{"start":{"line":1,"column":0},"end":{"line":1,"column":50}},"1":{"start":{"line":2,"column":0},"end":{"line":2,"column":61}},"3":{"start":{"line":4,"column":0},"end":{"line":4,"column":37}},"4":{"start":{"line":5,"column":0},"end":{"line":5,"column":12}},"5":{"start":{"line":6,"column":0},"end":{"line":6,"column":38}},"6":{"start":{"line":7,"column":0},"end":{"line":7,"column":4}},"7":{"start":{"line":8,"column":0},"end":{"line":8,"column":3}}},"s":{"0":1,"1":1,"3":1,"4":1,"5":1,"6":1,"7":1},"branchMap":{},"b":{},"fnMap":{},"f":{}}
,"E:\\Programming\\github\\REACT\\react-rs-2024\\app\\store\\slices\\selectedDataSlice.ts": {"path":"E:\\Programming\\github\\REACT\\react-rs-2024\\app\\store\\slices\\selectedDataSlice.ts","all":false,"statementMap":{"0":{"start":{"line":1,"column":0},"end":{"line":1,"column":47}},"3":{"start":{"line":4,"column":0},"end":{"line":4,"column":41}},"4":{"start":{"line":5,"column":0},"end":{"line":5,"column":20}},"5":{"start":{"line":6,"column":0},"end":{"line":6,"column":2}},"7":{"start":{"line":8,"column":0},"end":{"line":8,"column":39}},"8":{"start":{"line":9,"column":0},"end":{"line":9,"column":23}},"9":{"start":{"line":10,"column":0},"end":{"line":10,"column":15}},"10":{"start":{"line":11,"column":0},"end":{"line":11,"column":13}},"11":{"start":{"line":12,"column":0},"end":{"line":12,"column":33}},"12":{"start":{"line":13,"column":0},"end":{"line":13,"column":47}},"13":{"start":{"line":14,"column":0},"end":{"line":14,"column":6}},"14":{"start":{"line":15,"column":0},"end":{"line":15,"column":36}},"15":{"start":{"line":16,"column":0},"end":{"line":16,"column":55}},"16":{"start":{"line":17,"column":0},"end":{"line":17,"column":47}},"17":{"start":{"line":18,"column":0},"end":{"line":18,"column":8}},"18":{"start":{"line":19,"column":0},"end":{"line":19,"column":6}},"19":{"start":{"line":20,"column":0},"end":{"line":20,"column":34}},"20":{"start":{"line":21,"column":0},"end":{"line":21,"column":31}},"21":{"start":{"line":22,"column":0},"end":{"line":22,"column":6}},"22":{"start":{"line":23,"column":0},"end":{"line":23,"column":4}},"23":{"start":{"line":24,"column":0},"end":{"line":24,"column":3}},"25":{"start":{"line":26,"column":0},"end":{"line":26,"column":56}},"26":{"start":{"line":27,"column":0},"end":{"line":27,"column":28}},"28":{"start":{"line":29,"column":0},"end":{"line":29,"column":41}}},"s":{"0":1,"3":1,"4":1,"5":1,"7":1,"8":1,"9":1,"10":1,"11":1,"12":2,"13":2,"14":1,"15":2,"16":2,"17":2,"18":2,"19":1,"20":1,"21":1,"22":1,"23":1,"25":1,"26":1,"28":1},"branchMap":{"0":{"type":"branch","line":12,"loc":{"start":{"line":12,"column":13},"end":{"line":14,"column":6}},"locations":[{"start":{"line":12,"column":13},"end":{"line":14,"column":6}}]},"1":{"type":"branch","line":15,"loc":{"start":{"line":15,"column":16},"end":{"line":19,"column":6}},"locations":[{"start":{"line":15,"column":16},"end":{"line":19,"column":6}}]},"2":{"type":"branch","line":17,"loc":{"start":{"line":17,"column":8},"end":{"line":17,"column":47}},"locations":[{"start":{"line":17,"column":8},"end":{"line":17,"column":47}}]},"3":{"type":"branch","line":20,"loc":{"start":{"line":20,"column":22},"end":{"line":22,"column":6}},"locations":[{"start":{"line":20,"column":22},"end":{"line":22,"column":6}}]}},"b":{"0":[2],"1":[2],"2":[2],"3":[1]},"fnMap":{"0":{"name":"addItem","decl":{"start":{"line":12,"column":13},"end":{"line":14,"column":6}},"loc":{"start":{"line":12,"column":13},"end":{"line":14,"column":6}},"line":12},"1":{"name":"removeItem","decl":{"start":{"line":15,"column":16},"end":{"line":19,"column":6}},"loc":{"start":{"line":15,"column":16},"end":{"line":19,"column":6}},"line":15},"2":{"name":"unselectAllItems","decl":{"start":{"line":20,"column":22},"end":{"line":22,"column":6}},"loc":{"start":{"line":20,"column":22},"end":{"line":22,"column":6}},"line":20}},"f":{"0":2,"1":2,"2":1}}
,"E:\\Programming\\github\\REACT\\react-rs-2024\\app\\types\\types.ts": {"path":"E:\\Programming\\github\\REACT\\react-rs-2024\\app\\types\\types.ts","all":true,"statementMap":{},"s":{},"branchMap":{"0":{"type":"branch","line":1,"loc":{"start":{"line":1,"column":2870},"end":{"line":144,"column":1}},"locations":[{"start":{"line":1,"column":2870},"end":{"line":144,"column":1}}]}},"b":{"0":[1]},"fnMap":{"0":{"name":"(empty-report)","decl":{"start":{"line":1,"column":2870},"end":{"line":144,"column":1}},"loc":{"start":{"line":1,"column":2870},"end":{"line":144,"column":1}},"line":1}},"f":{"0":1}}
}
